01   0000             	DEVICE 	ZXSPECTRUM48
02   0000             	OUTPUT	restore.cod
03   0000             	
04   0000             	org 26000
05   6590 F3          start	di
06   6591 AF          		xor a
07   6592 D3 17       		out (23),a
08   6594 01 3B 20    		ld bc,#203B				//ZXi portselect
09   6597 ED 79       		out (c),a
10   6599 01 3B 21    		ld bc,#213B
11   659C 3E 01       		ld a,1					//HW - 1 - MB03+
12   659E ED 79       		out (c),a
13   65A0 3E A1       		ld a,161
14   65A2 D3 17       		out (23),a
15   65A4 21 00 80    		ld hl,32768
16   65A7 11 00 00    		ld de,0
17   65AA 01 00 40    		ld bc,16384
18   65AD ED B0       		ldir
19   65AF 3E A2       		ld a,162
20   65B1 D3 17       		out (23),a
21   65B3 21 00 C0    		ld hl,49152
22   65B6 11 00 00    		ld de,0
23   65B9 01 00 40    		ld bc,16384
24   65BC ED B0       		ldir
25   65BE 3E A3       		ld a,163
26   65C0 D3 17       		out (23),a
27   65C2 21 78 69    		ld hl,27000
28   65C5 11 00 00    		ld de,0
29   65C8 01 70 17    		ld bc,6000
30   65CB ED B0       		ldir
31   65CD 3E 40       		ld a,64
32   65CF D3 17       		out (23),a
33   65D1 FB          		ei
34   65D2 C9          		ret
35   65D3             		
36   65D3             moveend1			
37   65D3 00          	BLOCK   (27000-moveend1),0	
38   6978             	org 27000
39   6978             	INCBIN DevastMB27000.bin
40   7FD4             moveend2			
41   7FD4 00          	BLOCK   (32768-moveend2),0	
42   8000             	org 32768
43   8000             	INCBIN 64and65.bin
44   0000             	
45   0000             //	savesna "restore.sna",start

Value    Label
------ - -----------------------------------------------------------
0x6590 X start
0x65D3   moveend1
0x7FD4   moveend2
